{
  "stats": {
    "suites": 12,
    "tests": 33,
    "passes": 31,
    "pending": 0,
    "failures": 2,
    "start": "2024-11-27T18:12:06.971Z",
    "end": "2024-11-27T18:12:07.076Z",
    "duration": 105,
    "testsRegistered": 33,
    "passPercent": 93.93939393939394,
    "pendingPercent": 0,
    "other": 0,
    "hasOther": false,
    "skipped": 0,
    "hasSkipped": false
  },
  "results": [
    {
      "uuid": "475ea919-3f86-4597-8574-0bf4331bda87",
      "title": "",
      "fullFile": "",
      "file": "",
      "beforeHooks": [],
      "afterHooks": [],
      "tests": [],
      "suites": [
        {
          "uuid": "31c14366-e3c0-477a-8a36-52f02d89235f",
          "title": "Validaciones de clase",
          "fullFile": "C:\\Users\\betsu\\OneDrive\\Desktop\\PRUEBAS_kalev\\test\\clases.test.js",
          "file": "\\test\\clases.test.js",
          "beforeHooks": [],
          "afterHooks": [],
          "tests": [
            {
              "title": "debería validar el nombre de la clase correctamente",
              "fullTitle": "Validaciones de clase debería validar el nombre de la clase correctamente",
              "timedOut": false,
              "duration": 2,
              "state": "passed",
              "speed": "fast",
              "pass": true,
              "fail": false,
              "pending": false,
              "context": null,
              "code": "expect(validarNombreClase(\"Matemáticas\")).to.be.true;\nexpect(validarNombreClase(\"Español\")).to.be.true;\nexpect(validarNombreClase(\"Ciencia\")).to.be.true;\nexpect(validarNombreClase(\"Geografia\")).to.be.true;\nexpect(validarNombreClase(\"Matemáticas 101\")).to.be.false; \nexpect(validarNombreClase(\"Español!!!\")).to.be.false; \nexpect(validarNombreClase(\"a\".repeat(101))).to.be.false;",
              "err": {},
              "uuid": "339f6083-d8b7-41fc-8ff6-dd21fbbccad7",
              "parentUUID": "31c14366-e3c0-477a-8a36-52f02d89235f",
              "isHook": false,
              "skipped": false
            },
            {
              "title": "debería validar el código de la clase correctamente",
              "fullTitle": "Validaciones de clase debería validar el código de la clase correctamente",
              "timedOut": false,
              "duration": 0,
              "state": "passed",
              "speed": "fast",
              "pass": true,
              "fail": false,
              "pending": false,
              "context": null,
              "code": "expect(validarCodigoClase(\"ABC123\")).to.be.true;\nexpect(validarCodigoClase(\"12345ABC\")).to.be.true;\nexpect(validarCodigoClase(\"ABC@123\")).to.be.false; \nexpect(validarCodigoClase(\"ABC123!\".repeat(10))).to.be.false;",
              "err": {},
              "uuid": "a739d993-9a10-46f0-85ce-4c679ebb4cff",
              "parentUUID": "31c14366-e3c0-477a-8a36-52f02d89235f",
              "isHook": false,
              "skipped": false
            }
          ],
          "suites": [],
          "passes": [
            "339f6083-d8b7-41fc-8ff6-dd21fbbccad7",
            "a739d993-9a10-46f0-85ce-4c679ebb4cff"
          ],
          "failures": [],
          "pending": [],
          "skipped": [],
          "duration": 2,
          "root": false,
          "rootEmpty": false,
          "_timeout": 2000
        },
        {
          "uuid": "d302790b-f9c4-4944-8e5d-3eb753576841",
          "title": "Crear Clase",
          "fullFile": "C:\\Users\\betsu\\OneDrive\\Desktop\\PRUEBAS_kalev\\test\\clases.test.js",
          "file": "\\test\\clases.test.js",
          "beforeHooks": [],
          "afterHooks": [],
          "tests": [],
          "suites": [
            {
              "uuid": "0c00d212-2e4f-4bc5-973f-bcc1081531b5",
              "title": "validarNombreClase",
              "fullFile": "C:\\Users\\betsu\\OneDrive\\Desktop\\PRUEBAS_kalev\\test\\clases.test.js",
              "file": "\\test\\clases.test.js",
              "beforeHooks": [],
              "afterHooks": [],
              "tests": [
                {
                  "title": "debería ser verdadero si el nombre solo tiene letras",
                  "fullTitle": "Crear Clase validarNombreClase debería ser verdadero si el nombre solo tiene letras",
                  "timedOut": false,
                  "duration": 0,
                  "state": "passed",
                  "speed": "fast",
                  "pass": true,
                  "fail": false,
                  "pending": false,
                  "context": null,
                  "code": "expect(validarNombreClase('Matematica')).to.be.true;",
                  "err": {},
                  "uuid": "bb94fe0c-de6d-443e-9991-3f6f0f71f41e",
                  "parentUUID": "0c00d212-2e4f-4bc5-973f-bcc1081531b5",
                  "isHook": false,
                  "skipped": false
                },
                {
                  "title": "debería ser falso si el nombre tiene números",
                  "fullTitle": "Crear Clase validarNombreClase debería ser falso si el nombre tiene números",
                  "timedOut": false,
                  "duration": 0,
                  "state": "passed",
                  "speed": "fast",
                  "pass": true,
                  "fail": false,
                  "pending": false,
                  "context": null,
                  "code": "expect(validarNombreClase('Matematica101')).to.be.false;",
                  "err": {},
                  "uuid": "88b2ccf6-ba53-41ef-a533-933f0e102e51",
                  "parentUUID": "0c00d212-2e4f-4bc5-973f-bcc1081531b5",
                  "isHook": false,
                  "skipped": false
                },
                {
                  "title": "debería ser falso si el nombre tiene caracteres especiales",
                  "fullTitle": "Crear Clase validarNombreClase debería ser falso si el nombre tiene caracteres especiales",
                  "timedOut": false,
                  "duration": 0,
                  "state": "passed",
                  "speed": "fast",
                  "pass": true,
                  "fail": false,
                  "pending": false,
                  "context": null,
                  "code": "expect(validarNombreClase('Matematica@')).to.be.false;",
                  "err": {},
                  "uuid": "4d97c656-ae68-429d-bdcb-8c6fa59e593b",
                  "parentUUID": "0c00d212-2e4f-4bc5-973f-bcc1081531b5",
                  "isHook": false,
                  "skipped": false
                },
                {
                  "title": "debería ser falso si el nombre está vacío",
                  "fullTitle": "Crear Clase validarNombreClase debería ser falso si el nombre está vacío",
                  "timedOut": false,
                  "duration": 0,
                  "state": "passed",
                  "speed": "fast",
                  "pass": true,
                  "fail": false,
                  "pending": false,
                  "context": null,
                  "code": "expect(validarNombreClase('')).to.be.false;",
                  "err": {},
                  "uuid": "056552ef-50f8-4754-a46f-807a803f0d99",
                  "parentUUID": "0c00d212-2e4f-4bc5-973f-bcc1081531b5",
                  "isHook": false,
                  "skipped": false
                }
              ],
              "suites": [],
              "passes": [
                "bb94fe0c-de6d-443e-9991-3f6f0f71f41e",
                "88b2ccf6-ba53-41ef-a533-933f0e102e51",
                "4d97c656-ae68-429d-bdcb-8c6fa59e593b",
                "056552ef-50f8-4754-a46f-807a803f0d99"
              ],
              "failures": [],
              "pending": [],
              "skipped": [],
              "duration": 0,
              "root": false,
              "rootEmpty": false,
              "_timeout": 2000
            },
            {
              "uuid": "bbaf8572-78f9-4a3f-9a74-314e12b6777c",
              "title": "Obtener una clase por su codigo",
              "fullFile": "C:\\Users\\betsu\\OneDrive\\Desktop\\PRUEBAS_kalev\\test\\clases.test.js",
              "file": "\\test\\clases.test.js",
              "beforeHooks": [],
              "afterHooks": [],
              "tests": [
                {
                  "title": "debería ser verdadero si el código solo tiene números",
                  "fullTitle": "Crear Clase Obtener una clase por su codigo debería ser verdadero si el código solo tiene números",
                  "timedOut": false,
                  "duration": 0,
                  "state": "passed",
                  "speed": "fast",
                  "pass": true,
                  "fail": false,
                  "pending": false,
                  "context": null,
                  "code": "expect(validarCodigoClase('123456')).to.be.true;",
                  "err": {},
                  "uuid": "4bd9b2d9-4c8c-48b9-bbf2-3795425ec1e8",
                  "parentUUID": "bbaf8572-78f9-4a3f-9a74-314e12b6777c",
                  "isHook": false,
                  "skipped": false
                },
                {
                  "title": "debería ser falso si el código tiene letras",
                  "fullTitle": "Crear Clase Obtener una clase por su codigo debería ser falso si el código tiene letras",
                  "timedOut": false,
                  "duration": 1,
                  "state": "failed",
                  "speed": null,
                  "pass": false,
                  "fail": true,
                  "pending": false,
                  "context": null,
                  "code": "expect(validarCodigoClase('123a56')).to.be.false;",
                  "err": {
                    "message": "AssertionError: expected true to be false",
                    "estack": "AssertionError: expected true to be false\n    at Context.<anonymous> (file:///C:/Users/betsu/OneDrive/Desktop/PRUEBAS_kalev/test/clases.test.js:83:49)\n    at process.processImmediate (node:internal/timers:491:21)",
                    "diff": "- true\n+ false\n"
                  },
                  "uuid": "abbe6336-6c33-4f6c-b25b-fb925ce60da5",
                  "parentUUID": "bbaf8572-78f9-4a3f-9a74-314e12b6777c",
                  "isHook": false,
                  "skipped": false
                },
                {
                  "title": "debería ser falso si el código tiene caracteres especiales",
                  "fullTitle": "Crear Clase Obtener una clase por su codigo debería ser falso si el código tiene caracteres especiales",
                  "timedOut": false,
                  "duration": 0,
                  "state": "passed",
                  "speed": "fast",
                  "pass": true,
                  "fail": false,
                  "pending": false,
                  "context": null,
                  "code": "expect(validarCodigoClase('123$56')).to.be.false;",
                  "err": {},
                  "uuid": "3279d2fd-5b15-45d8-9955-33739b0192ed",
                  "parentUUID": "bbaf8572-78f9-4a3f-9a74-314e12b6777c",
                  "isHook": false,
                  "skipped": false
                },
                {
                  "title": "debería ser falso si el código está vacío",
                  "fullTitle": "Crear Clase Obtener una clase por su codigo debería ser falso si el código está vacío",
                  "timedOut": false,
                  "duration": 0,
                  "state": "passed",
                  "speed": "fast",
                  "pass": true,
                  "fail": false,
                  "pending": false,
                  "context": null,
                  "code": "expect(validarCodigoClase('')).to.be.false;",
                  "err": {},
                  "uuid": "10479c07-6887-4749-a915-15bcf0d18e79",
                  "parentUUID": "bbaf8572-78f9-4a3f-9a74-314e12b6777c",
                  "isHook": false,
                  "skipped": false
                }
              ],
              "suites": [],
              "passes": [
                "4bd9b2d9-4c8c-48b9-bbf2-3795425ec1e8",
                "3279d2fd-5b15-45d8-9955-33739b0192ed",
                "10479c07-6887-4749-a915-15bcf0d18e79"
              ],
              "failures": [
                "abbe6336-6c33-4f6c-b25b-fb925ce60da5"
              ],
              "pending": [],
              "skipped": [],
              "duration": 1,
              "root": false,
              "rootEmpty": false,
              "_timeout": 2000
            }
          ],
          "passes": [],
          "failures": [],
          "pending": [],
          "skipped": [],
          "duration": 0,
          "root": false,
          "rootEmpty": false,
          "_timeout": 2000
        },
        {
          "uuid": "bc2eac57-1072-4e94-98a9-bef5a726d1d8",
          "title": "Validación de código de clase",
          "fullFile": "C:\\Users\\betsu\\OneDrive\\Desktop\\PRUEBAS_kalev\\test\\clases.test.js",
          "file": "\\test\\clases.test.js",
          "beforeHooks": [],
          "afterHooks": [],
          "tests": [
            {
              "title": "Debe permitir solo letras y números en el código de clase",
              "fullTitle": "Validación de código de clase Debe permitir solo letras y números en el código de clase",
              "timedOut": false,
              "duration": 0,
              "state": "passed",
              "speed": "fast",
              "pass": true,
              "fail": false,
              "pending": false,
              "context": null,
              "code": "const codigoValido = 'CLASE123';\nconst codigoInvalido = 'CLASE@123';\nexpect(validarCodigoClase(codigoValido)).to.be.true;\nexpect(validarCodigoClase(codigoInvalido)).to.be.false;",
              "err": {},
              "uuid": "96a472d7-8923-4103-921e-7e8a67fdf78f",
              "parentUUID": "bc2eac57-1072-4e94-98a9-bef5a726d1d8",
              "isHook": false,
              "skipped": false
            }
          ],
          "suites": [],
          "passes": [
            "96a472d7-8923-4103-921e-7e8a67fdf78f"
          ],
          "failures": [],
          "pending": [],
          "skipped": [],
          "duration": 0,
          "root": false,
          "rootEmpty": false,
          "_timeout": 2000
        },
        {
          "uuid": "382ced82-e9f2-4092-aabd-fd52dc813f17",
          "title": "Validación de Código de Clase",
          "fullFile": "C:\\Users\\betsu\\OneDrive\\Desktop\\PRUEBAS_kalev\\test\\clases.test.js",
          "file": "\\test\\clases.test.js",
          "beforeHooks": [],
          "afterHooks": [],
          "tests": [
            {
              "title": "debería ser válido si el código contiene solo letras y números",
              "fullTitle": "Validación de Código de Clase debería ser válido si el código contiene solo letras y números",
              "timedOut": false,
              "duration": 0,
              "state": "passed",
              "speed": "fast",
              "pass": true,
              "fail": false,
              "pending": false,
              "context": null,
              "code": "expect(validarCodigoClase('Clase123')).to.be.true;",
              "err": {},
              "uuid": "fb52251f-0c69-4c91-8136-8f2fefd701cb",
              "parentUUID": "382ced82-e9f2-4092-aabd-fd52dc813f17",
              "isHook": false,
              "skipped": false
            },
            {
              "title": "debería ser inválido si el código contiene caracteres especiales",
              "fullTitle": "Validación de Código de Clase debería ser inválido si el código contiene caracteres especiales",
              "timedOut": false,
              "duration": 0,
              "state": "passed",
              "speed": "fast",
              "pass": true,
              "fail": false,
              "pending": false,
              "context": null,
              "code": "expect(validarCodigoClase('Clase@123')).to.be.false;",
              "err": {},
              "uuid": "d509a58a-1374-4820-a5d8-7498b44834fe",
              "parentUUID": "382ced82-e9f2-4092-aabd-fd52dc813f17",
              "isHook": false,
              "skipped": false
            },
            {
              "title": "debería ser inválido si el código contiene espacios",
              "fullTitle": "Validación de Código de Clase debería ser inválido si el código contiene espacios",
              "timedOut": false,
              "duration": 0,
              "state": "passed",
              "speed": "fast",
              "pass": true,
              "fail": false,
              "pending": false,
              "context": null,
              "code": "expect(validarCodigoClase('Clase 123')).to.be.false;",
              "err": {},
              "uuid": "8b18ba73-6d63-433b-bc43-5cafc7bea378",
              "parentUUID": "382ced82-e9f2-4092-aabd-fd52dc813f17",
              "isHook": false,
              "skipped": false
            },
            {
              "title": "debería ser válido si el código tiene solo números",
              "fullTitle": "Validación de Código de Clase debería ser válido si el código tiene solo números",
              "timedOut": false,
              "duration": 0,
              "state": "passed",
              "speed": "fast",
              "pass": true,
              "fail": false,
              "pending": false,
              "context": null,
              "code": "expect(validarCodigoClase('123456')).to.be.true;",
              "err": {},
              "uuid": "0c3d8614-1b72-4851-a531-27cf659376c9",
              "parentUUID": "382ced82-e9f2-4092-aabd-fd52dc813f17",
              "isHook": false,
              "skipped": false
            },
            {
              "title": "debería ser inválido si el código está vacío",
              "fullTitle": "Validación de Código de Clase debería ser inválido si el código está vacío",
              "timedOut": false,
              "duration": 0,
              "state": "passed",
              "speed": "fast",
              "pass": true,
              "fail": false,
              "pending": false,
              "context": null,
              "code": "expect(validarCodigoClase('')).to.be.false;",
              "err": {},
              "uuid": "752fd504-9065-480c-9a4a-8814146520a9",
              "parentUUID": "382ced82-e9f2-4092-aabd-fd52dc813f17",
              "isHook": false,
              "skipped": false
            }
          ],
          "suites": [],
          "passes": [
            "fb52251f-0c69-4c91-8136-8f2fefd701cb",
            "d509a58a-1374-4820-a5d8-7498b44834fe",
            "8b18ba73-6d63-433b-bc43-5cafc7bea378",
            "0c3d8614-1b72-4851-a531-27cf659376c9",
            "752fd504-9065-480c-9a4a-8814146520a9"
          ],
          "failures": [],
          "pending": [],
          "skipped": [],
          "duration": 0,
          "root": false,
          "rootEmpty": false,
          "_timeout": 2000
        },
        {
          "uuid": "125a5a90-8ccd-414a-810a-772d9dce16c4",
          "title": "Consulta de clases del docente",
          "fullFile": "C:\\Users\\betsu\\OneDrive\\Desktop\\PRUEBAS_kalev\\test\\clases.test.js",
          "file": "\\test\\clases.test.js",
          "beforeHooks": [],
          "afterHooks": [],
          "tests": [
            {
              "title": "debe retornar solo las clases impartidas por el docente con el ID especificado",
              "fullTitle": "Consulta de clases del docente debe retornar solo las clases impartidas por el docente con el ID especificado",
              "timedOut": false,
              "duration": 2,
              "state": "passed",
              "speed": "fast",
              "pass": true,
              "fail": false,
              "pending": false,
              "context": null,
              "code": "const docenteId = '12345';\nconst clases = await consultarClasesDocente(docenteId);\nexpect(clases).to.be.an('array');\nclases.forEach(clase => {\n  expect(clase.docenteId).to.equal(docenteId);\n});",
              "err": {},
              "uuid": "4bbb68e8-7d8a-4fc1-937c-84c43d629158",
              "parentUUID": "125a5a90-8ccd-414a-810a-772d9dce16c4",
              "isHook": false,
              "skipped": false
            }
          ],
          "suites": [],
          "passes": [
            "4bbb68e8-7d8a-4fc1-937c-84c43d629158"
          ],
          "failures": [],
          "pending": [],
          "skipped": [],
          "duration": 2,
          "root": false,
          "rootEmpty": false,
          "_timeout": 2000
        },
        {
          "uuid": "6b9e0152-fffb-4882-b9ca-2fe2622495b2",
          "title": "Validaciones de Asignación de Juego a Clase",
          "fullFile": "C:\\Users\\betsu\\OneDrive\\Desktop\\PRUEBAS_kalev\\test\\clases.test.js",
          "file": "\\test\\clases.test.js",
          "beforeHooks": [],
          "afterHooks": [],
          "tests": [],
          "suites": [
            {
              "uuid": "093e5ccc-7e08-4f55-8cfb-212b81f58e58",
              "title": "Validación del ID de la Clase",
              "fullFile": "C:\\Users\\betsu\\OneDrive\\Desktop\\PRUEBAS_kalev\\test\\clases.test.js",
              "file": "\\test\\clases.test.js",
              "beforeHooks": [],
              "afterHooks": [],
              "tests": [
                {
                  "title": "debería ser válido si el ID de la clase contiene solo números",
                  "fullTitle": "Validaciones de Asignación de Juego a Clase Validación del ID de la Clase debería ser válido si el ID de la clase contiene solo números",
                  "timedOut": false,
                  "duration": 1,
                  "state": "passed",
                  "speed": "fast",
                  "pass": true,
                  "fail": false,
                  "pending": false,
                  "context": null,
                  "code": "expect(validateClassId('123')).to.be.true;",
                  "err": {},
                  "uuid": "8a7ad6c9-d541-4a51-b0a8-827d6b34ffd0",
                  "parentUUID": "093e5ccc-7e08-4f55-8cfb-212b81f58e58",
                  "isHook": false,
                  "skipped": false
                },
                {
                  "title": "no debería ser válido si el ID de la clase contiene letras",
                  "fullTitle": "Validaciones de Asignación de Juego a Clase Validación del ID de la Clase no debería ser válido si el ID de la clase contiene letras",
                  "timedOut": false,
                  "duration": 0,
                  "state": "passed",
                  "speed": "fast",
                  "pass": true,
                  "fail": false,
                  "pending": false,
                  "context": null,
                  "code": "expect(validateClassId('abc')).to.be.false;",
                  "err": {},
                  "uuid": "fffddffd-7b62-4a3e-93e6-c02aabea415d",
                  "parentUUID": "093e5ccc-7e08-4f55-8cfb-212b81f58e58",
                  "isHook": false,
                  "skipped": false
                },
                {
                  "title": "no debería ser válido si el ID de la clase contiene caracteres especiales",
                  "fullTitle": "Validaciones de Asignación de Juego a Clase Validación del ID de la Clase no debería ser válido si el ID de la clase contiene caracteres especiales",
                  "timedOut": false,
                  "duration": 0,
                  "state": "passed",
                  "speed": "fast",
                  "pass": true,
                  "fail": false,
                  "pending": false,
                  "context": null,
                  "code": "expect(validateClassId('123@')).to.be.false;",
                  "err": {},
                  "uuid": "09f2b876-b980-4bbf-b75c-eb0372319695",
                  "parentUUID": "093e5ccc-7e08-4f55-8cfb-212b81f58e58",
                  "isHook": false,
                  "skipped": false
                },
                {
                  "title": "no debería ser válido si el ID de la clase está vacío",
                  "fullTitle": "Validaciones de Asignación de Juego a Clase Validación del ID de la Clase no debería ser válido si el ID de la clase está vacío",
                  "timedOut": false,
                  "duration": 0,
                  "state": "passed",
                  "speed": "fast",
                  "pass": true,
                  "fail": false,
                  "pending": false,
                  "context": null,
                  "code": "expect(validateClassId('')).to.be.false;",
                  "err": {},
                  "uuid": "452c4236-f8fe-4513-8efa-07e41d1d0a85",
                  "parentUUID": "093e5ccc-7e08-4f55-8cfb-212b81f58e58",
                  "isHook": false,
                  "skipped": false
                }
              ],
              "suites": [],
              "passes": [
                "8a7ad6c9-d541-4a51-b0a8-827d6b34ffd0",
                "fffddffd-7b62-4a3e-93e6-c02aabea415d",
                "09f2b876-b980-4bbf-b75c-eb0372319695",
                "452c4236-f8fe-4513-8efa-07e41d1d0a85"
              ],
              "failures": [],
              "pending": [],
              "skipped": [],
              "duration": 1,
              "root": false,
              "rootEmpty": false,
              "_timeout": 2000
            },
            {
              "uuid": "80df340d-5b93-4705-aa1b-bfb8db65db72",
              "title": "Validación del ID del Juego",
              "fullFile": "C:\\Users\\betsu\\OneDrive\\Desktop\\PRUEBAS_kalev\\test\\clases.test.js",
              "file": "\\test\\clases.test.js",
              "beforeHooks": [],
              "afterHooks": [],
              "tests": [
                {
                  "title": "debería ser válido si el ID del juego contiene solo números",
                  "fullTitle": "Validaciones de Asignación de Juego a Clase Validación del ID del Juego debería ser válido si el ID del juego contiene solo números",
                  "timedOut": false,
                  "duration": 0,
                  "state": "passed",
                  "speed": "fast",
                  "pass": true,
                  "fail": false,
                  "pending": false,
                  "context": null,
                  "code": "expect(validateGameId('456')).to.be.true;",
                  "err": {},
                  "uuid": "21e61f7f-ded1-43ac-8e7f-b4b4caff0a82",
                  "parentUUID": "80df340d-5b93-4705-aa1b-bfb8db65db72",
                  "isHook": false,
                  "skipped": false
                },
                {
                  "title": "no debería ser válido si el ID del juego contiene letras",
                  "fullTitle": "Validaciones de Asignación de Juego a Clase Validación del ID del Juego no debería ser válido si el ID del juego contiene letras",
                  "timedOut": false,
                  "duration": 0,
                  "state": "passed",
                  "speed": "fast",
                  "pass": true,
                  "fail": false,
                  "pending": false,
                  "context": null,
                  "code": "expect(validateGameId('game123')).to.be.false;",
                  "err": {},
                  "uuid": "f1ac24c0-4a6b-47e1-bb9d-154e867137a7",
                  "parentUUID": "80df340d-5b93-4705-aa1b-bfb8db65db72",
                  "isHook": false,
                  "skipped": false
                },
                {
                  "title": "no debería ser válido si el ID del juego contiene caracteres especiales",
                  "fullTitle": "Validaciones de Asignación de Juego a Clase Validación del ID del Juego no debería ser válido si el ID del juego contiene caracteres especiales",
                  "timedOut": false,
                  "duration": 1,
                  "state": "passed",
                  "speed": "fast",
                  "pass": true,
                  "fail": false,
                  "pending": false,
                  "context": null,
                  "code": "expect(validateGameId('456!')).to.be.false;",
                  "err": {},
                  "uuid": "40b49d62-55bc-4112-8cb5-ca303a0f6bb5",
                  "parentUUID": "80df340d-5b93-4705-aa1b-bfb8db65db72",
                  "isHook": false,
                  "skipped": false
                },
                {
                  "title": "no debería ser válido si el ID del juego está vacío",
                  "fullTitle": "Validaciones de Asignación de Juego a Clase Validación del ID del Juego no debería ser válido si el ID del juego está vacío",
                  "timedOut": false,
                  "duration": 0,
                  "state": "passed",
                  "speed": "fast",
                  "pass": true,
                  "fail": false,
                  "pending": false,
                  "context": null,
                  "code": "expect(validateGameId('')).to.be.false;",
                  "err": {},
                  "uuid": "e00a304c-e58a-41dc-9304-f182b9aa8c75",
                  "parentUUID": "80df340d-5b93-4705-aa1b-bfb8db65db72",
                  "isHook": false,
                  "skipped": false
                }
              ],
              "suites": [],
              "passes": [
                "21e61f7f-ded1-43ac-8e7f-b4b4caff0a82",
                "f1ac24c0-4a6b-47e1-bb9d-154e867137a7",
                "40b49d62-55bc-4112-8cb5-ca303a0f6bb5",
                "e00a304c-e58a-41dc-9304-f182b9aa8c75"
              ],
              "failures": [],
              "pending": [],
              "skipped": [],
              "duration": 1,
              "root": false,
              "rootEmpty": false,
              "_timeout": 2000
            }
          ],
          "passes": [],
          "failures": [],
          "pending": [],
          "skipped": [],
          "duration": 0,
          "root": false,
          "rootEmpty": false,
          "_timeout": 2000
        },
        {
          "uuid": "38af4a98-1b7b-4f78-b856-0fac626bd60d",
          "title": "Buscar la clase por su código",
          "fullFile": "C:\\Users\\betsu\\OneDrive\\Desktop\\PRUEBAS_kalev\\test\\clases.test.js",
          "file": "\\test\\clases.test.js",
          "beforeHooks": [],
          "afterHooks": [],
          "tests": [
            {
              "title": "debería aceptar solo números",
              "fullTitle": "Buscar la clase por su código debería aceptar solo números",
              "timedOut": false,
              "duration": 0,
              "state": "passed",
              "speed": "fast",
              "pass": true,
              "fail": false,
              "pending": false,
              "context": null,
              "code": "expect(validateClassId('123456')).to.be.true;",
              "err": {},
              "uuid": "bd7137ee-6a89-4091-a8ea-3c50d59f8915",
              "parentUUID": "38af4a98-1b7b-4f78-b856-0fac626bd60d",
              "isHook": false,
              "skipped": false
            },
            {
              "title": "debería rechazar letras",
              "fullTitle": "Buscar la clase por su código debería rechazar letras",
              "timedOut": false,
              "duration": 0,
              "state": "passed",
              "speed": "fast",
              "pass": true,
              "fail": false,
              "pending": false,
              "context": null,
              "code": "expect(validateClassId('123ABC')).to.be.false;",
              "err": {},
              "uuid": "c9180e35-e485-4ddf-8d28-484639a034ce",
              "parentUUID": "38af4a98-1b7b-4f78-b856-0fac626bd60d",
              "isHook": false,
              "skipped": false
            },
            {
              "title": "debería rechazar caracteres especiales",
              "fullTitle": "Buscar la clase por su código debería rechazar caracteres especiales",
              "timedOut": false,
              "duration": 1,
              "state": "passed",
              "speed": "fast",
              "pass": true,
              "fail": false,
              "pending": false,
              "context": null,
              "code": "expect(validateClassId('123@#$')).to.be.false;",
              "err": {},
              "uuid": "2e5bff9a-33d5-4219-b27b-891203e030d2",
              "parentUUID": "38af4a98-1b7b-4f78-b856-0fac626bd60d",
              "isHook": false,
              "skipped": false
            },
            {
              "title": "debería rechazar un string vacío",
              "fullTitle": "Buscar la clase por su código debería rechazar un string vacío",
              "timedOut": false,
              "duration": 0,
              "state": "passed",
              "speed": "fast",
              "pass": true,
              "fail": false,
              "pending": false,
              "context": null,
              "code": "expect(validateClassId('')).to.be.false;",
              "err": {},
              "uuid": "c4d35af4-62d5-47a8-8b74-db900b2e3e53",
              "parentUUID": "38af4a98-1b7b-4f78-b856-0fac626bd60d",
              "isHook": false,
              "skipped": false
            }
          ],
          "suites": [],
          "passes": [
            "bd7137ee-6a89-4091-a8ea-3c50d59f8915",
            "c9180e35-e485-4ddf-8d28-484639a034ce",
            "2e5bff9a-33d5-4219-b27b-891203e030d2",
            "c4d35af4-62d5-47a8-8b74-db900b2e3e53"
          ],
          "failures": [],
          "pending": [],
          "skipped": [],
          "duration": 1,
          "root": false,
          "rootEmpty": false,
          "_timeout": 2000
        },
        {
          "uuid": "8f565149-8d4f-4e0c-b380-63e1e678408f",
          "title": "Verificar si el estudiante ya está registrado en la clase",
          "fullFile": "C:\\Users\\betsu\\OneDrive\\Desktop\\PRUEBAS_kalev\\test\\clases.test.js",
          "file": "\\test\\clases.test.js",
          "beforeHooks": [],
          "afterHooks": [],
          "tests": [
            {
              "title": "debe ser válido cuando solo contiene letras y números",
              "fullTitle": "Verificar si el estudiante ya está registrado en la clase debe ser válido cuando solo contiene letras y números",
              "timedOut": false,
              "duration": 0,
              "state": "failed",
              "speed": null,
              "pass": false,
              "fail": true,
              "pending": false,
              "context": null,
              "code": "expect(validarNombreClase('CLASE2024')).to.be.true;",
              "err": {
                "message": "AssertionError: expected false to be true",
                "estack": "AssertionError: expected false to be true\n    at Context.<anonymous> (file:///C:/Users/betsu/OneDrive/Desktop/PRUEBAS_kalev/test/clases.test.js:198:50)\n    at process.processImmediate (node:internal/timers:491:21)",
                "diff": "- false\n+ true\n"
              },
              "uuid": "adfdcc38-d31f-4ed8-a9cb-9005e30abb23",
              "parentUUID": "8f565149-8d4f-4e0c-b380-63e1e678408f",
              "isHook": false,
              "skipped": false
            },
            {
              "title": "debe ser inválido cuando contiene caracteres especiales",
              "fullTitle": "Verificar si el estudiante ya está registrado en la clase debe ser inválido cuando contiene caracteres especiales",
              "timedOut": false,
              "duration": 0,
              "state": "passed",
              "speed": "fast",
              "pass": true,
              "fail": false,
              "pending": false,
              "context": null,
              "code": "expect(validarNombreClase('CLASE@2024')).to.be.false;",
              "err": {},
              "uuid": "3bfeee1d-32e0-40b1-9f4c-245b7724f812",
              "parentUUID": "8f565149-8d4f-4e0c-b380-63e1e678408f",
              "isHook": false,
              "skipped": false
            },
            {
              "title": "debe ser inválido cuando contiene espacios",
              "fullTitle": "Verificar si el estudiante ya está registrado en la clase debe ser inválido cuando contiene espacios",
              "timedOut": false,
              "duration": 0,
              "state": "passed",
              "speed": "fast",
              "pass": true,
              "fail": false,
              "pending": false,
              "context": null,
              "code": "expect(validarNombreClase('CLASE 2024')).to.be.false;",
              "err": {},
              "uuid": "cf18b0eb-af71-4313-9ca2-aa6f599ba4eb",
              "parentUUID": "8f565149-8d4f-4e0c-b380-63e1e678408f",
              "isHook": false,
              "skipped": false
            },
            {
              "title": "debe ser inválido cuando está vacío",
              "fullTitle": "Verificar si el estudiante ya está registrado en la clase debe ser inválido cuando está vacío",
              "timedOut": false,
              "duration": 0,
              "state": "passed",
              "speed": "fast",
              "pass": true,
              "fail": false,
              "pending": false,
              "context": null,
              "code": "expect(validarNombreClase('')).to.be.false;",
              "err": {},
              "uuid": "034740d7-82ea-4b2e-99f4-619970a44444",
              "parentUUID": "8f565149-8d4f-4e0c-b380-63e1e678408f",
              "isHook": false,
              "skipped": false
            }
          ],
          "suites": [],
          "passes": [
            "3bfeee1d-32e0-40b1-9f4c-245b7724f812",
            "cf18b0eb-af71-4313-9ca2-aa6f599ba4eb",
            "034740d7-82ea-4b2e-99f4-619970a44444"
          ],
          "failures": [
            "adfdcc38-d31f-4ed8-a9cb-9005e30abb23"
          ],
          "pending": [],
          "skipped": [],
          "duration": 0,
          "root": false,
          "rootEmpty": false,
          "_timeout": 2000
        }
      ],
      "passes": [],
      "failures": [],
      "pending": [],
      "skipped": [],
      "duration": 0,
      "root": true,
      "rootEmpty": true,
      "_timeout": 2000
    }
  ],
  "meta": {
    "mocha": {
      "version": "10.8.2"
    },
    "mochawesome": {
      "options": {
        "quiet": false,
        "reportFilename": "mochawesome",
        "saveHtml": true,
        "saveJson": true,
        "consoleReporter": "spec",
        "useInlineDiffs": false,
        "code": true
      },
      "version": "7.1.3"
    },
    "marge": {
      "options": null,
      "version": "6.2.0"
    }
  }
}